c:\dev\github\alps_homeworks\rpgextreme\rpgextreme\x64\debug\vc142.pdb
c:\dev\github\alps_homeworks\rpgextreme\rpgextreme\x64\debug\vc142.idb
c:\dev\github\alps_homeworks\rpgextreme\rpgextreme\x64\debug\weapon.obj
c:\dev\github\alps_homeworks\rpgextreme\rpgextreme\x64\debug\spiketrap.obj
c:\dev\github\alps_homeworks\rpgextreme\rpgextreme\x64\debug\player.obj
c:\dev\github\alps_homeworks\rpgextreme\rpgextreme\x64\debug\monster.obj
c:\dev\github\alps_homeworks\rpgextreme\rpgextreme\x64\debug\map.obj
c:\dev\github\alps_homeworks\rpgextreme\rpgextreme\x64\debug\main.obj
c:\dev\github\alps_homeworks\rpgextreme\rpgextreme\x64\debug\itembox.obj
c:\dev\github\alps_homeworks\rpgextreme\rpgextreme\x64\debug\gameobject.obj
c:\dev\github\alps_homeworks\rpgextreme\rpgextreme\x64\debug\equipment.obj
c:\dev\github\alps_homeworks\rpgextreme\rpgextreme\x64\debug\egameobjecttype.obj
c:\dev\github\alps_homeworks\rpgextreme\rpgextreme\x64\debug\bossmonster.obj
c:\dev\github\alps_homeworks\rpgextreme\rpgextreme\x64\debug\armor.obj
c:\dev\github\alps_homeworks\rpgextreme\rpgextreme\x64\debug\accessory.obj
c:\dev\github\alps_homeworks\rpgextreme\rpgextreme\x64\debug\character.obj
c:\dev\github\alps_homeworks\rpgextreme\rpgextreme\x64\debug\gamemanager.obj
c:\dev\github\alps_homeworks\rpgextreme\x64\debug\rpgextreme.exe
c:\dev\github\alps_homeworks\rpgextreme\x64\debug\rpgextreme.ilk
c:\dev\github\alps_homeworks\rpgextreme\x64\debug\rpgextreme.pdb
c:\dev\github\alps_homeworks\rpgextreme\rpgextreme\x64\debug\map.obj.enc
c:\dev\github\alps_homeworks\rpgextreme\rpgextreme\x64\debug\rpgextreme.tlog\cl.command.1.tlog
c:\dev\github\alps_homeworks\rpgextreme\rpgextreme\x64\debug\rpgextreme.tlog\cl.read.1.tlog
c:\dev\github\alps_homeworks\rpgextreme\rpgextreme\x64\debug\rpgextreme.tlog\cl.write.1.tlog
c:\dev\github\alps_homeworks\rpgextreme\rpgextreme\x64\debug\rpgextreme.tlog\link.command.1.tlog
c:\dev\github\alps_homeworks\rpgextreme\rpgextreme\x64\debug\rpgextreme.tlog\link.read.1.tlog
c:\dev\github\alps_homeworks\rpgextreme\rpgextreme\x64\debug\rpgextreme.tlog\link.write.1.tlog
